<?xml version="1.0" encoding="UTF-8"?>
<!-- Generated by org.testng.reporters.JUnitXMLReporter -->
<testsuite ignored="2" hostname="IASAIRAJLA21" failures="1" tests="1" name="LoginTestSuite" time="19.95" errors="0" timestamp="2025-12-15T10:47:15 IST">
  <testcase classname="com.iasys.tests.LoginTest" name="loginWithValidCredentials" time="10.996">
    <failure type="java.lang.AssertionError" message="Logout button should be visible after login expected [false] but found [true]">
      <![CDATA[java.lang.AssertionError: Logout button should be visible after login expected [false] but found [true]
at com.iasys.tests.LoginTest.loginWithValidCredentials(LoginTest.java:23)
at java.base/java.util.concurrent.Executors$RunnableAdapter.call(Executors.java:539)
at java.base/java.util.concurrent.FutureTask.run(FutureTask.java:264)
at java.base/java.util.concurrent.ThreadPoolExecutor.runWorker(ThreadPoolExecutor.java:1136)
at java.base/java.util.concurrent.ThreadPoolExecutor$Worker.run(ThreadPoolExecutor.java:635)
at java.base/java.lang.Thread.run(Thread.java:842)
... Removed 16 stack frames]]>
    </failure>
  </testcase> <!-- loginWithValidCredentials -->
  <testcase classname="com.iasys.tests.LoginTest" name="loginWithMultipleUsers" time="0.0">
    <ignored/>
  </testcase> <!-- loginWithMultipleUsers -->
  <testcase classname="com.iasys.tests.LoginTest" name="loginWithInValidCredentials" time="0.0">
    <ignored/>
  </testcase> <!-- loginWithInValidCredentials -->
</testsuite> <!-- LoginTestSuite -->
