<?xml version="1.0" encoding="UTF-8"?>
<!-- Generated by org.testng.reporters.JUnitXMLReporter -->
<testsuite ignored="1" hostname="IASAIRAJLA21" failures="1" tests="2" name="sanity" time="179.389" errors="0" timestamp="2025-11-15T19:29:26 IST">
  <testcase classname="com.iasys.tests.LoginTest" name="loginWithInValidCredentials" time="20.761">
    <skipped/>
  </testcase> <!-- loginWithInValidCredentials -->
  <testcase classname="com.iasys.tests.LoginTest" name="loginWithInValidCredentials" time="21.328">
    <failure type="java.lang.AssertionError" message="Login button should be visible if login not possible expected [false] but found [true]">
      <![CDATA[java.lang.AssertionError: Login button should be visible if login not possible expected [false] but found [true]
at com.iasys.tests.LoginTest.loginWithInValidCredentials(LoginTest.java:41)
at java.base/java.util.ArrayList.forEach(ArrayList.java:1511)
at java.base/java.util.concurrent.FutureTask.run(FutureTask.java:264)
at java.base/java.util.concurrent.ThreadPoolExecutor.runWorker(ThreadPoolExecutor.java:1136)
at java.base/java.util.concurrent.ThreadPoolExecutor$Worker.run(ThreadPoolExecutor.java:635)
at java.base/java.lang.Thread.run(Thread.java:842)
... Removed 20 stack frames]]>
    </failure>
  </testcase> <!-- loginWithInValidCredentials -->
  <testcase classname="com.iasys.tests.LoginTest" name="loginWithValidCredentials" time="0.0">
    <ignored/>
  </testcase> <!-- loginWithValidCredentials -->
</testsuite> <!-- sanity -->
