<?xml version="1.0" encoding="UTF-8"?>
<!-- Generated by org.testng.reporters.JUnitXMLReporter -->
<testsuite ignored="2" hostname="IASAIRAJLA21" failures="0" tests="3" name="Test" time="128.94" errors="0" timestamp="2025-07-25T17:18:02 IST">
  <testcase classname="com.iasys.tests.LoginTest" name="languageButtonPresence" time="0.127"/>
  <testcase classname="com.iasys.tests.LoginTest" name="loginWithInValidCredentials" time="19.002"/>
  <testcase classname="com.iasys.tests.LoginTest" name="loginWithValidCredentials" time="0.292"/>
  <testcase classname="com.iasys.base.BaseTest" name="@AfterSuite afterSuite" time="0.0">
    <ignored/>
  </testcase> <!-- @AfterSuite afterSuite -->
  <testcase classname="com.iasys.base.BaseTest" name="@BeforeSuite beforeSuite" time="0.0">
    <ignored/>
  </testcase> <!-- @BeforeSuite beforeSuite -->
</testsuite> <!-- Test -->
