<?xml version="1.0" encoding="UTF-8"?>
<!-- Generated by org.testng.reporters.JUnitXMLReporter -->
<testsuite ignored="4" hostname="IASAIRAJLA21" failures="0" tests="1" name="LoginTestSuite" time="39.873" errors="0" timestamp="2025-10-12T12:14:48 IST">
  <testcase classname="com.iasys.tests.LoginTest" name="loginWithValidCredentials" time="37.644"/>
  <testcase classname="com.iasys.tests.LoginTest" name="loginWithMultipleUsers" time="0.0">
    <ignored/>
  </testcase> <!-- loginWithMultipleUsers -->
  <testcase classname="com.iasys.tests.LoginTest" name="languageButtonPresence" time="0.0">
    <ignored/>
  </testcase> <!-- languageButtonPresence -->
  <testcase classname="com.iasys.tests.LoginTest" name="viewLicenceTest" time="0.0">
    <ignored/>
  </testcase> <!-- viewLicenceTest -->
  <testcase classname="com.iasys.tests.LoginTest" name="loginWithInValidCredentials" time="0.0">
    <ignored/>
  </testcase> <!-- loginWithInValidCredentials -->
</testsuite> <!-- LoginTestSuite -->
