<?xml version="1.0" encoding="UTF-8"?>
<testng-results ignored="0" total="1" passed="1" failed="0" skipped="0">
  <reporter-output>
  </reporter-output>
  <suite started-at="2025-12-15T21:49:20 IST" name="Default suite" finished-at="2025-12-15T21:50:07 IST" duration-ms="47426">
    <groups>
    </groups>
    <test started-at="2025-12-15T21:49:20 IST" name="Default test" finished-at="2025-12-15T21:50:07 IST" duration-ms="47426">
      <class name="com.iasys.tests.UsersTest">
        <test-method is-config="true" signature="setUp(java.lang.String)[pri:0, instance:com.iasys.tests.UsersTest@3401a114]" started-at="2025-12-15T21:49:20 IST" name="setUp" finished-at="2025-12-15T21:49:45 IST" duration-ms="25415" status="PASS">
          <params>
            <param index="0">
              <value>
                <![CDATA[chrome]]>
              </value>
            </param>
          </params>
          <reporter-output>
          </reporter-output>
        </test-method> <!-- setUp -->
        <test-method signature="verifyLoginUserTest()[pri:0, instance:com.iasys.tests.UsersTest@3401a114]" started-at="2025-12-15T21:49:45 IST" name="verifyLoginUserTest" finished-at="2025-12-15T21:50:06 IST" duration-ms="21224" status="PASS">
          <reporter-output>
          </reporter-output>
        </test-method> <!-- verifyLoginUserTest -->
        <test-method is-config="true" signature="tearDown()[pri:0, instance:com.iasys.tests.UsersTest@3401a114]" started-at="2025-12-15T21:50:06 IST" name="tearDown" finished-at="2025-12-15T21:50:07 IST" duration-ms="757" status="PASS">
          <reporter-output>
          </reporter-output>
        </test-method> <!-- tearDown -->
      </class> <!-- com.iasys.tests.UsersTest -->
    </test> <!-- Default test -->
  </suite> <!-- Default suite -->
</testng-results>
