<?xml version="1.0" encoding="UTF-8"?>
<!-- Generated by org.testng.reporters.JUnitReportReporter -->
<testsuite hostname="IASAIRAJLA21" failures="0" tests="3" name="com.iasys.tests.DashboardTest" time="112.626" errors="0" timestamp="2025-10-12T12:13:38 IST" skipped="0">
  <testcase classname="com.iasys.tests.DashboardTest" name="validateDashboardElements" time="112.558"/>
  <testcase classname="com.iasys.tests.DashboardTest" name="verifyliveSessionRefersh" time="0.029"/>
  <testcase classname="com.iasys.tests.DashboardTest" name="verifySaveSearch" time="0.039"/>
</testsuite> <!-- com.iasys.tests.DashboardTest -->
