<?xml version="1.0" encoding="UTF-8"?>
<!-- Generated by org.testng.reporters.JUnitReportReporter -->
<testsuite hostname="IASAIRAJLA21" failures="0" tests="2" name="com.iasys.tests.LoginTest" time="37.646" errors="0" timestamp="2025-10-12T12:14:48 IST" skipped="1">
  <testcase classname="com.iasys.tests.LoginTest" name="loginWithValidCredentials" time="37.646"/>
  <testcase classname="com.iasys.tests.LoginTest" name="loginWithMultipleUsers">
    <skipped/>
  </testcase> <!-- loginWithMultipleUsers -->
</testsuite> <!-- com.iasys.tests.LoginTest -->
